0 info it worked if it ends with ok
1 verbose cli [ 'node', '/usr/local/bin/npm', 'install', 'selectize', '--save' ]
2 info using npm@1.4.14
3 info using node@v0.10.29
4 warn package.json @ No repository field.
5 verbose readDependencies using package.json deps
6 verbose cache add [ 'selectize', null ]
7 verbose cache add name=undefined spec="selectize" args=["selectize",null]
8 verbose parsed url { protocol: null,
8 verbose parsed url   slashes: null,
8 verbose parsed url   auth: null,
8 verbose parsed url   host: null,
8 verbose parsed url   port: null,
8 verbose parsed url   hostname: null,
8 verbose parsed url   hash: null,
8 verbose parsed url   search: null,
8 verbose parsed url   query: null,
8 verbose parsed url   pathname: 'selectize',
8 verbose parsed url   path: 'selectize',
8 verbose parsed url   href: 'selectize' }
9 silly lockFile 27d4fedd-selectize selectize
10 verbose lock selectize /Users/follower/.npm/27d4fedd-selectize.lock
11 silly lockFile 27d4fedd-selectize selectize
12 silly lockFile 27d4fedd-selectize selectize
13 verbose addNamed [ 'selectize', '' ]
14 verbose addNamed [ null, '*' ]
15 silly lockFile 9dc31369-selectize selectize@
16 verbose lock selectize@ /Users/follower/.npm/9dc31369-selectize.lock
17 silly addNameRange { name: 'selectize', range: '*', hasData: false }
18 verbose url raw selectize
19 verbose url resolving [ 'https://registry.npmjs.org/', './selectize' ]
20 verbose url resolved https://registry.npmjs.org/selectize
21 info trying registry request attempt 1 at 00:13:05
22 http GET https://registry.npmjs.org/selectize
23 http 200 https://registry.npmjs.org/selectize
24 silly registry.get cb [ 200,
24 silly registry.get   { server: 'CouchDB/1.5.0 (Erlang OTP/R16B03)',
24 silly registry.get     etag: '"B2YTZRZS01BZ7F7TO7D6UJ8AX"',
24 silly registry.get     'content-type': 'application/json',
24 silly registry.get     'cache-control': 'max-age=60',
24 silly registry.get     'content-length': '10127',
24 silly registry.get     'accept-ranges': 'bytes',
24 silly registry.get     date: 'Fri, 04 Sep 2015 21:13:06 GMT',
24 silly registry.get     via: '1.1 varnish',
24 silly registry.get     age: '0',
24 silly registry.get     connection: 'keep-alive',
24 silly registry.get     'x-served-by': 'cache-fra1236-FRA',
24 silly registry.get     'x-cache': 'MISS',
24 silly registry.get     'x-cache-hits': '0',
24 silly registry.get     'x-timer': 'S1441401186.075493,VS0,VE182',
24 silly registry.get     vary: 'Accept' } ]
25 silly addNameRange number 2 { name: 'selectize', range: '*', hasData: true }
26 silly addNameRange versions [ 'selectize', [ '0.12.0', '0.12.1' ] ]
27 verbose addNamed [ 'selectize', '0.12.1' ]
28 verbose addNamed [ '0.12.1', '0.12.1' ]
29 silly lockFile 9b34cc62-selectize-0-12-1 selectize@0.12.1
30 verbose lock selectize@0.12.1 /Users/follower/.npm/9b34cc62-selectize-0-12-1.lock
31 silly lockFile 72fdb00b-g-selectize-selectize-0-12-1-tgz https://registry.npmjs.org/selectize/-/selectize-0.12.1.tgz
32 verbose lock https://registry.npmjs.org/selectize/-/selectize-0.12.1.tgz /Users/follower/.npm/72fdb00b-g-selectize-selectize-0-12-1-tgz.lock
33 verbose addRemoteTarball [ 'https://registry.npmjs.org/selectize/-/selectize-0.12.1.tgz',
33 verbose addRemoteTarball   '5e88aa9a95f85ff196fce6da17f7f63a16d644c6' ]
34 info retry fetch attempt 1 at 00:13:06
35 verbose fetch to= /var/folders/nm/zmv519pj5cl53t0_cp6kfzgr0000gn/T/npm-8723-qSZIEmpL/registry.npmjs.org/selectize/-/selectize-0.12.1.tgz
36 http GET https://registry.npmjs.org/selectize/-/selectize-0.12.1.tgz
37 http 200 https://registry.npmjs.org/selectize/-/selectize-0.12.1.tgz
38 silly lockFile 72fdb00b-g-selectize-selectize-0-12-1-tgz https://registry.npmjs.org/selectize/-/selectize-0.12.1.tgz
39 silly lockFile 72fdb00b-g-selectize-selectize-0-12-1-tgz https://registry.npmjs.org/selectize/-/selectize-0.12.1.tgz
40 silly lockFile 9b34cc62-selectize-0-12-1 selectize@0.12.1
41 silly lockFile 9b34cc62-selectize-0-12-1 selectize@0.12.1
42 silly lockFile 9dc31369-selectize selectize@
43 silly lockFile 9dc31369-selectize selectize@
44 silly resolved [ { name: 'selectize',
44 silly resolved     keywords:
44 silly resolved      [ 'select',
44 silly resolved        'ui',
44 silly resolved        'form',
44 silly resolved        'input',
44 silly resolved        'control',
44 silly resolved        'autocomplete',
44 silly resolved        'tagging',
44 silly resolved        'tag' ],
44 silly resolved     main: 'dist/js/selectize.js',
44 silly resolved     description: 'Selectize is a jQuery-based custom <select> UI control. Useful for tagging, contact lists, country selectors, etc.',
44 silly resolved     version: '0.12.1',
44 silly resolved     author: { name: 'Brian Reavis', email: 'brian@thirdroute.com' },
44 silly resolved     repository:
44 silly resolved      { type: 'git',
44 silly resolved        url: 'git://github.com/brianreavis/selectize.js.git' },
44 silly resolved     dependencies: { microplugin: '0.0.3', sifter: '^0.4.0' },
44 silly resolved     devDependencies:
44 silly resolved      { grunt: '0.4.x',
44 silly resolved        'grunt-bower-task': '^0.4.0',
44 silly resolved        'grunt-cli': '^0.1.13',
44 silly resolved        'grunt-contrib-clean': '0.5.x',
44 silly resolved        'grunt-contrib-concat': '0.3.x',
44 silly resolved        'grunt-contrib-copy': '0.4.x',
44 silly resolved        'grunt-contrib-less': '~0.9.0',
44 silly resolved        'grunt-contrib-uglify': '0.2.x',
44 silly resolved        'grunt-recess': '0.5.x',
44 silly resolved        'grunt-replace': '0.4.x',
44 silly resolved        karma: '^0.12.31',
44 silly resolved        'karma-chai': '^0.1.0',
44 silly resolved        'karma-chrome-launcher': '^0.1.7',
44 silly resolved        'karma-coverage': '^0.2.7',
44 silly resolved        'karma-coveralls': '^0.1.5',
44 silly resolved        'karma-firefox-launcher': '^0.1.4',
44 silly resolved        'karma-mocha': '^0.1.10',
44 silly resolved        'karma-mocha-reporter': '^0.3.1',
44 silly resolved        'karma-phantomjs-launcher': '^0.1.4',
44 silly resolved        'karma-safari-launcher': '^0.1.1',
44 silly resolved        'karma-sauce-launcher': '^0.2.10' },
44 silly resolved     scripts: { test: './node_modules/karma/bin/karma start' },
44 silly resolved     engines: { node: '*' },
44 silly resolved     gitHead: '3dc07d40047cd98de8a8f8beacca06a73970139d',
44 silly resolved     bugs: { url: 'https://github.com/brianreavis/selectize.js/issues' },
44 silly resolved     homepage: 'https://github.com/brianreavis/selectize.js',
44 silly resolved     _id: 'selectize@0.12.1',
44 silly resolved     _shasum: '5e88aa9a95f85ff196fce6da17f7f63a16d644c6',
44 silly resolved     _from: 'selectize@',
44 silly resolved     _npmVersion: '1.4.28',
44 silly resolved     _npmUser: { name: 'brianreavis', email: 'brian@thirdroute.com' },
44 silly resolved     maintainers: [ [Object] ],
44 silly resolved     dist:
44 silly resolved      { shasum: '5e88aa9a95f85ff196fce6da17f7f63a16d644c6',
44 silly resolved        tarball: 'http://registry.npmjs.org/selectize/-/selectize-0.12.1.tgz' },
44 silly resolved     directories: {},
44 silly resolved     _resolved: 'https://registry.npmjs.org/selectize/-/selectize-0.12.1.tgz' } ]
45 info install selectize@0.12.1 into /Users/follower/WebServer/accounting/vendor/follower/admin/public
46 info installOne selectize@0.12.1
47 info /Users/follower/WebServer/accounting/vendor/follower/admin/public/node_modules/selectize unbuild
48 verbose tar unpack /Users/follower/.npm/selectize/0.12.1/package.tgz
49 silly lockFile 4593e0c3-in-public-node-modules-selectize tar:///Users/follower/WebServer/accounting/vendor/follower/admin/public/node_modules/selectize
50 verbose lock tar:///Users/follower/WebServer/accounting/vendor/follower/admin/public/node_modules/selectize /Users/follower/.npm/4593e0c3-in-public-node-modules-selectize.lock
51 silly lockFile 1e7a4e09-npm-selectize-0-12-1-package-tgz tar:///Users/follower/.npm/selectize/0.12.1/package.tgz
52 verbose lock tar:///Users/follower/.npm/selectize/0.12.1/package.tgz /Users/follower/.npm/1e7a4e09-npm-selectize-0-12-1-package-tgz.lock
53 silly gunzTarPerm modes [ '755', '644' ]
54 silly gunzTarPerm extractEntry package.json
55 silly gunzTarPerm extractEntry .npmignore
56 silly gunzTarPerm extractEntry README.md
57 silly gunzTarPerm extractEntry LICENSE
58 silly gunzTarPerm extractEntry Gruntfile.js
59 silly gunzTarPerm extractEntry karma.conf.js
60 silly gunzTarPerm extractEntry dist/css/selectize.bootstrap2.css
61 silly gunzTarPerm extractEntry dist/css/selectize.bootstrap3.css
62 silly gunzTarPerm extractEntry dist/css/selectize.css
63 silly gunzTarPerm extractEntry dist/css/selectize.default.css
64 silly gunzTarPerm extractEntry dist/css/selectize.legacy.css
65 silly gunzTarPerm extractEntry dist/js/selectize.js
66 silly gunzTarPerm extractEntry dist/js/selectize.min.js
67 silly gunzTarPerm extractEntry dist/js/standalone/selectize.js
68 silly gunzTarPerm extractEntry dist/js/standalone/selectize.min.js
69 silly gunzTarPerm extractEntry dist/less/plugins/drag_drop.less
70 silly gunzTarPerm extractEntry dist/less/plugins/dropdown_header.less
71 silly gunzTarPerm extractEntry dist/less/plugins/optgroup_columns.less
72 silly gunzTarPerm extractEntry dist/less/plugins/remove_button.less
73 silly gunzTarPerm extractEntry dist/less/selectize.bootstrap2.less
74 silly gunzTarPerm extractEntry dist/less/selectize.bootstrap3.less
75 silly gunzTarPerm extractEntry dist/less/selectize.default.less
76 silly gunzTarPerm extractEntry dist/less/selectize.legacy.less
77 silly gunzTarPerm extractEntry dist/less/selectize.less
78 silly gunzTarPerm extractEntry bower.json
79 silly gunzTarPerm extractEntry .travis.yml
80 silly gunzTarPerm extractEntry docs/api.md
81 silly gunzTarPerm extractEntry docs/events.md
82 silly gunzTarPerm extractEntry docs/plugins.md
83 silly gunzTarPerm extractEntry docs/usage.md
84 silly gunzTarPerm extractEntry examples/github.html
85 silly gunzTarPerm extractEntry examples/api.html
86 silly gunzTarPerm extractEntry examples/cities.html
87 silly gunzTarPerm extractEntry examples/confirm.html
88 silly gunzTarPerm extractEntry examples/contacts.html
89 silly gunzTarPerm extractEntry examples/create-filter.html
90 silly gunzTarPerm extractEntry examples/css/normalize.css
91 silly gunzTarPerm extractEntry examples/css/stylesheet.css
92 silly gunzTarPerm extractEntry examples/customization.html
93 silly gunzTarPerm extractEntry examples/dynamic.html
94 silly gunzTarPerm extractEntry examples/events.html
95 silly gunzTarPerm extractEntry examples/basic.html
96 silly gunzTarPerm extractEntry examples/images/bg.png
97 silly gunzTarPerm extractEntry examples/images/check@2x.png
98 silly gunzTarPerm extractEntry examples/images/repo-forked.png
99 silly gunzTarPerm extractEntry examples/images/repo-source.png
100 silly gunzTarPerm extractEntry examples/images/spinner.gif
101 silly gunzTarPerm extractEntry examples/js/es5.js
102 silly gunzTarPerm extractEntry examples/js/index.js
103 silly gunzTarPerm extractEntry examples/js/jquery.js
104 silly gunzTarPerm extractEntry examples/js/jqueryui.js
105 silly gunzTarPerm extractEntry examples/lock.html
106 silly gunzTarPerm extractEntry examples/movies.html
107 silly gunzTarPerm extractEntry examples/optgroups.html
108 silly gunzTarPerm extractEntry examples/performance.html
109 silly gunzTarPerm extractEntry examples/plugins.html
110 silly gunzTarPerm extractEntry examples/required.html
111 silly gunzTarPerm extractEntry examples/rtl.html
112 silly gunzTarPerm extractEntry Makefile
113 silly gunzTarPerm extractEntry src/.wrapper.js
114 silly gunzTarPerm extractEntry src/constants.js
115 silly gunzTarPerm extractEntry src/defaults.js
116 silly gunzTarPerm extractEntry src/selectize.jquery.js
117 silly gunzTarPerm extractEntry src/selectize.js
118 silly gunzTarPerm extractEntry src/utils.js
119 silly gunzTarPerm extractEntry src/contrib/highlight.js
120 silly gunzTarPerm extractEntry src/contrib/microevent.js
121 silly gunzTarPerm extractEntry src/less/.wrapper.css
122 silly gunzTarPerm extractEntry src/less/selectize.bootstrap2.less
123 silly gunzTarPerm extractEntry src/less/selectize.bootstrap3.less
124 silly gunzTarPerm extractEntry src/less/selectize.default.less
125 silly gunzTarPerm extractEntry src/less/selectize.legacy.less
126 silly gunzTarPerm extractEntry src/less/selectize.less
127 silly gunzTarPerm extractEntry src/plugins/drag_drop/plugin.js
128 silly gunzTarPerm extractEntry src/plugins/drag_drop/plugin.less
129 silly gunzTarPerm extractEntry src/plugins/dropdown_header/plugin.js
130 silly gunzTarPerm extractEntry src/plugins/dropdown_header/plugin.less
131 silly gunzTarPerm extractEntry src/plugins/optgroup_columns/plugin.js
132 silly gunzTarPerm extractEntry src/plugins/optgroup_columns/plugin.less
133 silly gunzTarPerm extractEntry src/plugins/remove_button/plugin.js
134 silly gunzTarPerm extractEntry src/plugins/remove_button/plugin.less
135 silly gunzTarPerm extractEntry src/plugins/restore_on_backspace/plugin.js
136 silly gunzTarPerm extractEntry selectize.jquery.json
137 silly gunzTarPerm extractEntry test/api.js
138 silly gunzTarPerm extractEntry test/events.js
139 silly gunzTarPerm extractEntry test/events_dom.js
140 silly gunzTarPerm extractEntry test/interaction.js
141 silly gunzTarPerm extractEntry test/setup.js
142 silly gunzTarPerm extractEntry test/xss.js
143 silly gunzTarPerm extractEntry test/support/base.js
144 silly gunzTarPerm extractEntry test/support/syn.js
145 silly lockFile 4593e0c3-in-public-node-modules-selectize tar:///Users/follower/WebServer/accounting/vendor/follower/admin/public/node_modules/selectize
146 silly lockFile 4593e0c3-in-public-node-modules-selectize tar:///Users/follower/WebServer/accounting/vendor/follower/admin/public/node_modules/selectize
147 silly lockFile 1e7a4e09-npm-selectize-0-12-1-package-tgz tar:///Users/follower/.npm/selectize/0.12.1/package.tgz
148 silly lockFile 1e7a4e09-npm-selectize-0-12-1-package-tgz tar:///Users/follower/.npm/selectize/0.12.1/package.tgz
149 info preinstall selectize@0.12.1
150 verbose readDependencies using package.json deps
151 verbose readDependencies using package.json deps
152 verbose cache add [ 'microplugin@0.0.3', null ]
153 verbose cache add name=undefined spec="microplugin@0.0.3" args=["microplugin@0.0.3",null]
154 verbose parsed url { protocol: null,
154 verbose parsed url   slashes: null,
154 verbose parsed url   auth: null,
154 verbose parsed url   host: null,
154 verbose parsed url   port: null,
154 verbose parsed url   hostname: null,
154 verbose parsed url   hash: null,
154 verbose parsed url   search: null,
154 verbose parsed url   query: null,
154 verbose parsed url   pathname: 'microplugin@0.0.3',
154 verbose parsed url   path: 'microplugin@0.0.3',
154 verbose parsed url   href: 'microplugin@0.0.3' }
155 verbose cache add [ 'sifter@^0.4.0', null ]
156 verbose cache add name=undefined spec="sifter@^0.4.0" args=["sifter@^0.4.0",null]
157 verbose parsed url { protocol: null,
157 verbose parsed url   slashes: null,
157 verbose parsed url   auth: null,
157 verbose parsed url   host: null,
157 verbose parsed url   port: null,
157 verbose parsed url   hostname: null,
157 verbose parsed url   hash: null,
157 verbose parsed url   search: null,
157 verbose parsed url   query: null,
157 verbose parsed url   pathname: 'sifter@^0.4.0',
157 verbose parsed url   path: 'sifter@^0.4.0',
157 verbose parsed url   href: 'sifter@^0.4.0' }
158 verbose cache add name="microplugin" spec="0.0.3" args=["microplugin","0.0.3"]
159 verbose parsed url { protocol: null,
159 verbose parsed url   slashes: null,
159 verbose parsed url   auth: null,
159 verbose parsed url   host: null,
159 verbose parsed url   port: null,
159 verbose parsed url   hostname: null,
159 verbose parsed url   hash: null,
159 verbose parsed url   search: null,
159 verbose parsed url   query: null,
159 verbose parsed url   pathname: '0.0.3',
159 verbose parsed url   path: '0.0.3',
159 verbose parsed url   href: '0.0.3' }
160 verbose addNamed [ 'microplugin', '0.0.3' ]
161 verbose addNamed [ '0.0.3', '0.0.3' ]
162 silly lockFile cb9e5bd2-microplugin-0-0-3 microplugin@0.0.3
163 verbose lock microplugin@0.0.3 /Users/follower/.npm/cb9e5bd2-microplugin-0-0-3.lock
164 verbose cache add name="sifter" spec="^0.4.0" args=["sifter","^0.4.0"]
165 verbose parsed url { protocol: null,
165 verbose parsed url   slashes: null,
165 verbose parsed url   auth: null,
165 verbose parsed url   host: null,
165 verbose parsed url   port: null,
165 verbose parsed url   hostname: null,
165 verbose parsed url   hash: null,
165 verbose parsed url   search: null,
165 verbose parsed url   query: null,
165 verbose parsed url   pathname: '^0.4.0',
165 verbose parsed url   path: '^0.4.0',
165 verbose parsed url   href: '^0.4.0' }
166 verbose addNamed [ 'sifter', '^0.4.0' ]
167 verbose addNamed [ null, '>=0.4.0-0 <0.5.0-0' ]
168 silly lockFile 363bd82e-sifter-0-4-0 sifter@^0.4.0
169 verbose lock sifter@^0.4.0 /Users/follower/.npm/363bd82e-sifter-0-4-0.lock
170 silly addNameRange { name: 'sifter', range: '>=0.4.0-0 <0.5.0-0', hasData: false }
171 verbose url raw microplugin
172 verbose url resolving [ 'https://registry.npmjs.org/', './microplugin' ]
173 verbose url resolved https://registry.npmjs.org/microplugin
174 info trying registry request attempt 1 at 00:13:07
175 http GET https://registry.npmjs.org/microplugin
176 verbose url raw sifter
177 verbose url resolving [ 'https://registry.npmjs.org/', './sifter' ]
178 verbose url resolved https://registry.npmjs.org/sifter
179 info trying registry request attempt 1 at 00:13:07
180 http GET https://registry.npmjs.org/sifter
181 http 200 https://registry.npmjs.org/microplugin
182 silly registry.get cb [ 200,
182 silly registry.get   { server: 'CouchDB/1.5.0 (Erlang OTP/R16B03)',
182 silly registry.get     etag: '"6CK8WQNY3HZG1H7QWLFCYG5UB"',
182 silly registry.get     'content-type': 'application/json',
182 silly registry.get     'cache-control': 'max-age=60',
182 silly registry.get     'content-length': '13546',
182 silly registry.get     'accept-ranges': 'bytes',
182 silly registry.get     date: 'Fri, 04 Sep 2015 21:13:07 GMT',
182 silly registry.get     via: '1.1 varnish',
182 silly registry.get     age: '0',
182 silly registry.get     connection: 'keep-alive',
182 silly registry.get     'x-served-by': 'cache-fra1235-FRA',
182 silly registry.get     'x-cache': 'MISS',
182 silly registry.get     'x-cache-hits': '0',
182 silly registry.get     'x-timer': 'S1441401187.306602,VS0,VE432',
182 silly registry.get     vary: 'Accept' } ]
183 silly lockFile bf656730-icroplugin-microplugin-0-0-3-tgz https://registry.npmjs.org/microplugin/-/microplugin-0.0.3.tgz
184 verbose lock https://registry.npmjs.org/microplugin/-/microplugin-0.0.3.tgz /Users/follower/.npm/bf656730-icroplugin-microplugin-0-0-3-tgz.lock
185 verbose addRemoteTarball [ 'https://registry.npmjs.org/microplugin/-/microplugin-0.0.3.tgz',
185 verbose addRemoteTarball   '1fc2e1bb7c9e19e82bd84bba9137bbe71250d8cd' ]
186 info retry fetch attempt 1 at 00:13:07
187 verbose fetch to= /var/folders/nm/zmv519pj5cl53t0_cp6kfzgr0000gn/T/npm-8723-qSZIEmpL/registry.npmjs.org/microplugin/-/microplugin-0.0.3.tgz
188 http GET https://registry.npmjs.org/microplugin/-/microplugin-0.0.3.tgz
189 http 200 https://registry.npmjs.org/microplugin/-/microplugin-0.0.3.tgz
190 silly lockFile bf656730-icroplugin-microplugin-0-0-3-tgz https://registry.npmjs.org/microplugin/-/microplugin-0.0.3.tgz
191 silly lockFile bf656730-icroplugin-microplugin-0-0-3-tgz https://registry.npmjs.org/microplugin/-/microplugin-0.0.3.tgz
192 silly lockFile cb9e5bd2-microplugin-0-0-3 microplugin@0.0.3
193 silly lockFile cb9e5bd2-microplugin-0-0-3 microplugin@0.0.3
194 http 200 https://registry.npmjs.org/sifter
195 silly registry.get cb [ 200,
195 silly registry.get   { server: 'CouchDB/1.5.0 (Erlang OTP/R16B03)',
195 silly registry.get     etag: '"7J6W6WOA3CWTVEFCS5BBREOFM"',
195 silly registry.get     'content-type': 'application/json',
195 silly registry.get     'cache-control': 'max-age=60',
195 silly registry.get     'content-length': '29769',
195 silly registry.get     'accept-ranges': 'bytes',
195 silly registry.get     date: 'Fri, 04 Sep 2015 21:13:07 GMT',
195 silly registry.get     via: '1.1 varnish',
195 silly registry.get     age: '0',
195 silly registry.get     connection: 'keep-alive',
195 silly registry.get     'x-served-by': 'cache-fra1242-FRA',
195 silly registry.get     'x-cache': 'MISS',
195 silly registry.get     'x-cache-hits': '0',
195 silly registry.get     'x-timer': 'S1441401187.308208,VS0,VE637',
195 silly registry.get     vary: 'Accept' } ]
196 silly addNameRange number 2 { name: 'sifter', range: '>=0.4.0-0 <0.5.0-0', hasData: true }
197 silly addNameRange versions [ 'sifter',
197 silly addNameRange   [ '0.0.1',
197 silly addNameRange     '0.0.2',
197 silly addNameRange     '0.0.3',
197 silly addNameRange     '0.0.4',
197 silly addNameRange     '0.0.5',
197 silly addNameRange     '0.1.0',
197 silly addNameRange     '0.1.1',
197 silly addNameRange     '0.1.2',
197 silly addNameRange     '0.2.0',
197 silly addNameRange     '0.1.3',
197 silly addNameRange     '0.3.0',
197 silly addNameRange     '0.3.1',
197 silly addNameRange     '0.3.2',
197 silly addNameRange     '0.3.3',
197 silly addNameRange     '0.3.4',
197 silly addNameRange     '0.4.0',
197 silly addNameRange     '0.4.1',
197 silly addNameRange     '0.4.2',
197 silly addNameRange     '0.4.3' ] ]
198 verbose addNamed [ 'sifter', '0.4.3' ]
199 verbose addNamed [ '0.4.3', '0.4.3' ]
200 silly lockFile 78ab3d7a-sifter-0-4-3 sifter@0.4.3
201 verbose lock sifter@0.4.3 /Users/follower/.npm/78ab3d7a-sifter-0-4-3.lock
202 silly lockFile 59a8f217-pmjs-org-sifter-sifter-0-4-3-tgz https://registry.npmjs.org/sifter/-/sifter-0.4.3.tgz
203 verbose lock https://registry.npmjs.org/sifter/-/sifter-0.4.3.tgz /Users/follower/.npm/59a8f217-pmjs-org-sifter-sifter-0-4-3-tgz.lock
204 verbose addRemoteTarball [ 'https://registry.npmjs.org/sifter/-/sifter-0.4.3.tgz',
204 verbose addRemoteTarball   'f12c6d55bd314070c124a1a86a6e1cb5945a569e' ]
205 info retry fetch attempt 1 at 00:13:08
206 verbose fetch to= /var/folders/nm/zmv519pj5cl53t0_cp6kfzgr0000gn/T/npm-8723-qSZIEmpL/registry.npmjs.org/sifter/-/sifter-0.4.3.tgz
207 http GET https://registry.npmjs.org/sifter/-/sifter-0.4.3.tgz
208 http 200 https://registry.npmjs.org/sifter/-/sifter-0.4.3.tgz
209 silly lockFile 59a8f217-pmjs-org-sifter-sifter-0-4-3-tgz https://registry.npmjs.org/sifter/-/sifter-0.4.3.tgz
210 silly lockFile 59a8f217-pmjs-org-sifter-sifter-0-4-3-tgz https://registry.npmjs.org/sifter/-/sifter-0.4.3.tgz
211 silly lockFile 78ab3d7a-sifter-0-4-3 sifter@0.4.3
212 silly lockFile 78ab3d7a-sifter-0-4-3 sifter@0.4.3
213 silly lockFile 363bd82e-sifter-0-4-0 sifter@^0.4.0
214 silly lockFile 363bd82e-sifter-0-4-0 sifter@^0.4.0
215 silly resolved [ { name: 'microplugin',
215 silly resolved     keywords:
215 silly resolved      [ 'extensibility',
215 silly resolved        'plugins',
215 silly resolved        'architecture',
215 silly resolved        'require',
215 silly resolved        'dependencies' ],
215 silly resolved     description: 'A lightweight plugin / dependency system for javascript libraries.',
215 silly resolved     version: '0.0.3',
215 silly resolved     author: { name: 'Brian Reavis', email: 'brian@thirdroute.com' },
215 silly resolved     main: 'src/microplugin.js',
215 silly resolved     repository:
215 silly resolved      { type: 'git',
215 silly resolved        url: 'git://github.com/brianreavis/microplugin.js.git' },
215 silly resolved     dependencies: {},
215 silly resolved     devDependencies: {},
215 silly resolved     engines: { node: '*' },
215 silly resolved     readme: '# microplugin.js\n[![NPM version](https://badge.fury.io/js/microplugin.png)](http://badge.fury.io/js/microplugin)\n[![Build Status](https://travis-ci.org/brianreavis/microplugin.js.png?branch=master)](https://travis-ci.org/brianreavis/microplugin.js)\n\n*Keep code modularized & extensible.* MicroPlugin is a lightweight drop-in plugin architecture for your JavaScript library. Plugins can [declare dependencies](#dependencies) to other plugins and can be [initialized with options](#loading-plugins) (in a variety of formats). It [AMD](http://en.wikipedia.org/wiki/Asynchronous_module_definition)-compatible and it works identically in Node.js and in a browser.\n\n```sh\n$ npm install microplugin\n$ bower install microplugin\n```\n\n## Integration\n\nUsing the provided mixin, extend your function with the [API](#mixin-methods) for declaring and loading plugins:\n\n```js\nvar TextEditor = function(options) {\n\tthis.initializePlugins(options.plugins);\n};\n\nMicroPlugin.mixin(TextEditor);\n```\n\nThat\'s it for integration! Now you can selectively load the plugins on an instance-by-instance basis.\n\n```js\nvar editor = new TextEditor({\n\tplugins: [\'links\',\'images\']\n});\n```\n\n### Loading Plugins\n\nThe [`initializePlugins()`](#prototypeinitializepluginsplugins) method sets up the plugin system and loads a list of plugins (with options). It accepts the list in three styles, depending on your preference.\n\n#### List (no options)\n```js\n["plugin_a","plugin_b","plugin_c"]\n```\n\n#### List (with options)\n```js\n[\n\t{name: "plugin_a", options: { /* ... */ }},\n\t{name: "plugin_b", options: { /* ... */ }},\n\t{name: "plugin_c", options: { /* ... */ }}\n]\n```\n\n#### Hash (with options)\n```js\n{\n\t"plugin_a": { /* ... */ },\n\t"plugin_b": { /* ... */ },\n\t"plugin_c": { /* ... */ }\n}\n```\n\n## Plugin Design\n\nPlugins aren\'t extravagant—they are barebones by design. A plugin is simply a function that gets called when an instance of your object is being constructed. Within that function, you can manually override methods, set up event listeners, etc. The `this` context will be the instance of your object.\n\n### Defining Plugins\n\n```js\nMyLibrary.define("math", function(options) {\n\t// You can return values which will be available to other plugins\n\t// when they load the plugin via "require()". Explained more in\n\t// the next section.\n\treturn {\n\t\trandom : Math.random,\n\t\tsqrt   : Math.sqrt,\n\t\tsin2   : function(t) { return Math.pow(Math.sin(t), 2); },\n\t\tcos2   : function(t) { return Math.pow(Math.sin(t), 2); }\n\t};\n});\n```\n\n#### Dependencies\n\nPlugins can declare dependencies to other plugins (and use any exports they provide) through the [`require`](#prototyperequirename) function.\n\n```js\nMyLibrary.define("calculations", function(options) {\n\tvar math    = this.require("math");\n\tvar theta   = math.random();\n\tvar success = math.sqrt(math.sin2(theta) + math.cos2(theta)) === 1;\n\n\talert("Does the law of sines work? " + success);\n});\n```\n\n## API Reference\n\n#### MicroPlugin.mixin(fn)\nSets up all methods on the function and its prototype for defining and loading plugins.\n\n### Mixin Methods\n\n#### define(name, fn)\nDeclares a new plugin with the specified name.\n\n#### [prototype].require(name)\nLoads a plugin as a dependency and returns whatever it exports (if anything).\n\n#### [prototype].initializePlugins(plugins)\nInitializes the plugin system and loads a list of plugins with the provided options. The "plugins" argument can be in a [variety of formats](#loading-plugins).\n\n## License\n\nCopyright &copy; 2013 [Brian Reavis](http://twitter.com/brianreavis) & [Contributors](https://github.com/brianreavis/microplugin.js/graphs/contributors)\n\nLicensed under the Apache License, Version 2.0 (the "License"); you may not use this file except in compliance with the License. You may obtain a copy of the License at: http://www.apache.org/licenses/LICENSE-2.0\n\nUnless required by applicable law or agreed to in writing, software distributed under the License is distributed on an "AS IS" BASIS, WITHOUT WARRANTIES OR CONDITIONS OF ANY KIND, either express or implied. See the License for the specific language governing permissions and limitations under the License.\n',
215 silly resolved     readmeFilename: 'README.md',
215 silly resolved     _id: 'microplugin@0.0.3',
215 silly resolved     dist:
215 silly resolved      { shasum: '1fc2e1bb7c9e19e82bd84bba9137bbe71250d8cd',
215 silly resolved        tarball: 'http://registry.npmjs.org/microplugin/-/microplugin-0.0.3.tgz' },
215 silly resolved     _npmVersion: '1.1.69',
215 silly resolved     _npmUser: { name: 'brianreavis', email: 'brian@thirdroute.com' },
215 silly resolved     maintainers: [ [Object] ],
215 silly resolved     directories: {},
215 silly resolved     _shasum: '1fc2e1bb7c9e19e82bd84bba9137bbe71250d8cd',
215 silly resolved     _from: 'microplugin@0.0.3',
215 silly resolved     _resolved: 'https://registry.npmjs.org/microplugin/-/microplugin-0.0.3.tgz' },
215 silly resolved   { name: 'sifter',
215 silly resolved     keywords:
215 silly resolved      [ 'search',
215 silly resolved        'filter',
215 silly resolved        'sift',
215 silly resolved        'data',
215 silly resolved        'results',
215 silly resolved        'match',
215 silly resolved        'sort',
215 silly resolved        'autocomplete' ],
215 silly resolved     description: 'A library for textually searching arrays and hashes of objects by property (or multiple properties). Designed specifically for autocomplete.',
215 silly resolved     version: '0.4.3',
215 silly resolved     author: { name: 'Brian Reavis', email: 'brian@thirdroute.com' },
215 silly resolved     main: './sifter.js',
215 silly resolved     repository:
215 silly resolved      { type: 'git',
215 silly resolved        url: 'git://github.com/brianreavis/sifter.js.git' },
215 silly resolved     scripts: { test: 'mocha -R list' },
215 silly resolved     bin: { sifter: './bin/sifter.js' },
215 silly resolved     dependencies:
215 silly resolved      { optimist: '0.6.x',
215 silly resolved        cardinal: '0.4.x',
215 silly resolved        async: '0.2.x',
215 silly resolved        humanize: '0.0.x',
215 silly resolved        'node-csv': 'https://github.com/voodootikigod/node-csv/tarball/master',
215 silly resolved        microtime: '~1.4.2' },
215 silly resolved     devDependencies:
215 silly resolved      { mocha: '1.12.x',
215 silly resolved        'mocha-istanbul': '0.2.x',
215 silly resolved        'mocha-lcov-reporter': '0.0.x',
215 silly resolved        coveralls: '2.3.x',
215 silly resolved        'uglify-js': '2.4.x',
215 silly resolved        istanbul: '0.1.x' },
215 silly resolved     optionalDependencies: { microtime: '~1.4.2' },
215 silly resolved     engines: { node: '*' },
215 silly resolved     gitHead: 'bdd2badbce30396ed9a12951b13e8e23d2adf43a',
215 silly resolved     bugs: { url: 'https://github.com/brianreavis/sifter.js/issues' },
215 silly resolved     homepage: 'https://github.com/brianreavis/sifter.js',
215 silly resolved     _id: 'sifter@0.4.3',
215 silly resolved     _shasum: 'f12c6d55bd314070c124a1a86a6e1cb5945a569e',
215 silly resolved     _from: 'sifter@^0.4.0',
215 silly resolved     _npmVersion: '1.4.28',
215 silly resolved     _npmUser: { name: 'brianreavis', email: 'brian@thirdroute.com' },
215 silly resolved     maintainers: [ [Object] ],
215 silly resolved     dist:
215 silly resolved      { shasum: 'f12c6d55bd314070c124a1a86a6e1cb5945a569e',
215 silly resolved        tarball: 'http://registry.npmjs.org/sifter/-/sifter-0.4.3.tgz' },
215 silly resolved     directories: {},
215 silly resolved     _resolved: 'https://registry.npmjs.org/sifter/-/sifter-0.4.3.tgz' } ]
216 info install microplugin@0.0.3 into /Users/follower/WebServer/accounting/vendor/follower/admin/public/node_modules/selectize
217 info install sifter@0.4.3 into /Users/follower/WebServer/accounting/vendor/follower/admin/public/node_modules/selectize
218 info installOne microplugin@0.0.3
219 info installOne sifter@0.4.3
220 info /Users/follower/WebServer/accounting/vendor/follower/admin/public/node_modules/selectize/node_modules/microplugin unbuild
221 info /Users/follower/WebServer/accounting/vendor/follower/admin/public/node_modules/selectize/node_modules/sifter unbuild
222 verbose tar unpack /Users/follower/.npm/microplugin/0.0.3/package.tgz
223 silly lockFile 45055238-lectize-node-modules-microplugin tar:///Users/follower/WebServer/accounting/vendor/follower/admin/public/node_modules/selectize/node_modules/microplugin
224 verbose lock tar:///Users/follower/WebServer/accounting/vendor/follower/admin/public/node_modules/selectize/node_modules/microplugin /Users/follower/.npm/45055238-lectize-node-modules-microplugin.lock
225 silly lockFile c7a4a109-pm-microplugin-0-0-3-package-tgz tar:///Users/follower/.npm/microplugin/0.0.3/package.tgz
226 verbose lock tar:///Users/follower/.npm/microplugin/0.0.3/package.tgz /Users/follower/.npm/c7a4a109-pm-microplugin-0-0-3-package-tgz.lock
227 verbose tar unpack /Users/follower/.npm/sifter/0.4.3/package.tgz
228 silly lockFile 5a1cd20e-es-selectize-node-modules-sifter tar:///Users/follower/WebServer/accounting/vendor/follower/admin/public/node_modules/selectize/node_modules/sifter
229 verbose lock tar:///Users/follower/WebServer/accounting/vendor/follower/admin/public/node_modules/selectize/node_modules/sifter /Users/follower/.npm/5a1cd20e-es-selectize-node-modules-sifter.lock
230 silly lockFile dc9d0ee4-wer-npm-sifter-0-4-3-package-tgz tar:///Users/follower/.npm/sifter/0.4.3/package.tgz
231 verbose lock tar:///Users/follower/.npm/sifter/0.4.3/package.tgz /Users/follower/.npm/dc9d0ee4-wer-npm-sifter-0-4-3-package-tgz.lock
232 silly gunzTarPerm modes [ '755', '644' ]
233 silly gunzTarPerm modes [ '755', '644' ]
234 silly gunzTarPerm extractEntry package.json
235 silly gunzTarPerm extractEntry package.json
236 silly gunzTarPerm extractEntry .npmignore
237 silly gunzTarPerm extractEntry README.md
238 silly gunzTarPerm extractEntry .npmignore
239 silly gunzTarPerm extractEntry README.md
240 silly gunzTarPerm extractEntry .travis.yml
241 silly gunzTarPerm extractEntry bower.json
242 silly gunzTarPerm extractEntry sifter.min.js
243 silly gunzTarPerm extractEntry sifter.js
244 silly gunzTarPerm extractEntry Makefile
245 silly gunzTarPerm extractEntry src/microplugin.js
246 silly gunzTarPerm extractEntry bower.json
247 silly gunzTarPerm extractEntry bin/sifter.js
248 silly gunzTarPerm extractEntry .travis.yml
249 silly gunzTarPerm extractEntry lib/sifter.js
250 silly gunzTarPerm extractEntry Makefile
251 silly lockFile 45055238-lectize-node-modules-microplugin tar:///Users/follower/WebServer/accounting/vendor/follower/admin/public/node_modules/selectize/node_modules/microplugin
252 silly lockFile 45055238-lectize-node-modules-microplugin tar:///Users/follower/WebServer/accounting/vendor/follower/admin/public/node_modules/selectize/node_modules/microplugin
253 silly lockFile c7a4a109-pm-microplugin-0-0-3-package-tgz tar:///Users/follower/.npm/microplugin/0.0.3/package.tgz
254 silly lockFile c7a4a109-pm-microplugin-0-0-3-package-tgz tar:///Users/follower/.npm/microplugin/0.0.3/package.tgz
255 info preinstall microplugin@0.0.3
256 verbose readDependencies using package.json deps
257 verbose readDependencies using package.json deps
258 silly resolved []
259 verbose about to build /Users/follower/WebServer/accounting/vendor/follower/admin/public/node_modules/selectize/node_modules/microplugin
260 info build /Users/follower/WebServer/accounting/vendor/follower/admin/public/node_modules/selectize/node_modules/microplugin
261 verbose linkStuff [ false,
261 verbose linkStuff   false,
261 verbose linkStuff   false,
261 verbose linkStuff   '/Users/follower/WebServer/accounting/vendor/follower/admin/public/node_modules/selectize/node_modules' ]
262 info linkStuff microplugin@0.0.3
263 verbose linkBins microplugin@0.0.3
264 verbose linkMans microplugin@0.0.3
265 verbose rebuildBundles microplugin@0.0.3
266 info install microplugin@0.0.3
267 info postinstall microplugin@0.0.3
268 silly lockFile 5a1cd20e-es-selectize-node-modules-sifter tar:///Users/follower/WebServer/accounting/vendor/follower/admin/public/node_modules/selectize/node_modules/sifter
269 silly lockFile 5a1cd20e-es-selectize-node-modules-sifter tar:///Users/follower/WebServer/accounting/vendor/follower/admin/public/node_modules/selectize/node_modules/sifter
270 silly lockFile dc9d0ee4-wer-npm-sifter-0-4-3-package-tgz tar:///Users/follower/.npm/sifter/0.4.3/package.tgz
271 silly lockFile dc9d0ee4-wer-npm-sifter-0-4-3-package-tgz tar:///Users/follower/.npm/sifter/0.4.3/package.tgz
272 info preinstall sifter@0.4.3
273 verbose readDependencies using package.json deps
274 verbose readDependencies using package.json deps
275 verbose cache add [ 'optimist@0.6.x', null ]
276 verbose cache add name=undefined spec="optimist@0.6.x" args=["optimist@0.6.x",null]
277 verbose parsed url { protocol: null,
277 verbose parsed url   slashes: null,
277 verbose parsed url   auth: null,
277 verbose parsed url   host: null,
277 verbose parsed url   port: null,
277 verbose parsed url   hostname: null,
277 verbose parsed url   hash: null,
277 verbose parsed url   search: null,
277 verbose parsed url   query: null,
277 verbose parsed url   pathname: 'optimist@0.6.x',
277 verbose parsed url   path: 'optimist@0.6.x',
277 verbose parsed url   href: 'optimist@0.6.x' }
278 verbose cache add [ 'cardinal@0.4.x', null ]
279 verbose cache add name=undefined spec="cardinal@0.4.x" args=["cardinal@0.4.x",null]
280 verbose parsed url { protocol: null,
280 verbose parsed url   slashes: null,
280 verbose parsed url   auth: null,
280 verbose parsed url   host: null,
280 verbose parsed url   port: null,
280 verbose parsed url   hostname: null,
280 verbose parsed url   hash: null,
280 verbose parsed url   search: null,
280 verbose parsed url   query: null,
280 verbose parsed url   pathname: 'cardinal@0.4.x',
280 verbose parsed url   path: 'cardinal@0.4.x',
280 verbose parsed url   href: 'cardinal@0.4.x' }
281 verbose cache add name="optimist" spec="0.6.x" args=["optimist","0.6.x"]
282 verbose parsed url { protocol: null,
282 verbose parsed url   slashes: null,
282 verbose parsed url   auth: null,
282 verbose parsed url   host: null,
282 verbose parsed url   port: null,
282 verbose parsed url   hostname: null,
282 verbose parsed url   hash: null,
282 verbose parsed url   search: null,
282 verbose parsed url   query: null,
282 verbose parsed url   pathname: '0.6.x',
282 verbose parsed url   path: '0.6.x',
282 verbose parsed url   href: '0.6.x' }
283 verbose addNamed [ 'optimist', '0.6.x' ]
284 verbose addNamed [ null, '>=0.6.0-0 <0.7.0-0' ]
285 silly lockFile 153c05cb-optimist-0-6-x optimist@0.6.x
286 verbose lock optimist@0.6.x /Users/follower/.npm/153c05cb-optimist-0-6-x.lock
287 verbose cache add [ 'async@0.2.x', null ]
288 verbose cache add name=undefined spec="async@0.2.x" args=["async@0.2.x",null]
289 verbose parsed url { protocol: null,
289 verbose parsed url   slashes: null,
289 verbose parsed url   auth: null,
289 verbose parsed url   host: null,
289 verbose parsed url   port: null,
289 verbose parsed url   hostname: null,
289 verbose parsed url   hash: null,
289 verbose parsed url   search: null,
289 verbose parsed url   query: null,
289 verbose parsed url   pathname: 'async@0.2.x',
289 verbose parsed url   path: 'async@0.2.x',
289 verbose parsed url   href: 'async@0.2.x' }
290 verbose cache add [ 'humanize@0.0.x', null ]
291 verbose cache add name=undefined spec="humanize@0.0.x" args=["humanize@0.0.x",null]
292 verbose parsed url { protocol: null,
292 verbose parsed url   slashes: null,
292 verbose parsed url   auth: null,
292 verbose parsed url   host: null,
292 verbose parsed url   port: null,
292 verbose parsed url   hostname: null,
292 verbose parsed url   hash: null,
292 verbose parsed url   search: null,
292 verbose parsed url   query: null,
292 verbose parsed url   pathname: 'humanize@0.0.x',
292 verbose parsed url   path: 'humanize@0.0.x',
292 verbose parsed url   href: 'humanize@0.0.x' }
293 verbose cache add [ 'node-csv@https://github.com/voodootikigod/node-csv/tarball/master',
293 verbose cache add   null ]
294 verbose cache add name=undefined spec="node-csv@https://github.com/voodootikigod/node-csv/tarball/master" args=["node-csv@https://github.com/voodootikigod/node-csv/tarball/master",null]
295 verbose parsed url { protocol: null,
295 verbose parsed url   slashes: null,
295 verbose parsed url   auth: null,
295 verbose parsed url   host: null,
295 verbose parsed url   port: null,
295 verbose parsed url   hostname: null,
295 verbose parsed url   hash: null,
295 verbose parsed url   search: null,
295 verbose parsed url   query: null,
295 verbose parsed url   pathname: 'node-csv@https://github.com/voodootikigod/node-csv/tarball/master',
295 verbose parsed url   path: 'node-csv@https://github.com/voodootikigod/node-csv/tarball/master',
295 verbose parsed url   href: 'node-csv@https://github.com/voodootikigod/node-csv/tarball/master' }
296 verbose cache add name="cardinal" spec="0.4.x" args=["cardinal","0.4.x"]
297 verbose parsed url { protocol: null,
297 verbose parsed url   slashes: null,
297 verbose parsed url   auth: null,
297 verbose parsed url   host: null,
297 verbose parsed url   port: null,
297 verbose parsed url   hostname: null,
297 verbose parsed url   hash: null,
297 verbose parsed url   search: null,
297 verbose parsed url   query: null,
297 verbose parsed url   pathname: '0.4.x',
297 verbose parsed url   path: '0.4.x',
297 verbose parsed url   href: '0.4.x' }
298 verbose addNamed [ 'cardinal', '0.4.x' ]
299 verbose addNamed [ null, '>=0.4.0-0 <0.5.0-0' ]
300 silly lockFile cabe0a3a-cardinal-0-4-x cardinal@0.4.x
301 verbose lock cardinal@0.4.x /Users/follower/.npm/cabe0a3a-cardinal-0-4-x.lock
302 verbose cache add name="async" spec="0.2.x" args=["async","0.2.x"]
303 verbose parsed url { protocol: null,
303 verbose parsed url   slashes: null,
303 verbose parsed url   auth: null,
303 verbose parsed url   host: null,
303 verbose parsed url   port: null,
303 verbose parsed url   hostname: null,
303 verbose parsed url   hash: null,
303 verbose parsed url   search: null,
303 verbose parsed url   query: null,
303 verbose parsed url   pathname: '0.2.x',
303 verbose parsed url   path: '0.2.x',
303 verbose parsed url   href: '0.2.x' }
304 verbose addNamed [ 'async', '0.2.x' ]
305 verbose addNamed [ null, '>=0.2.0-0 <0.3.0-0' ]
306 silly lockFile 7933abb7-async-0-2-x async@0.2.x
307 verbose lock async@0.2.x /Users/follower/.npm/7933abb7-async-0-2-x.lock
308 verbose cache add name="humanize" spec="0.0.x" args=["humanize","0.0.x"]
309 verbose parsed url { protocol: null,
309 verbose parsed url   slashes: null,
309 verbose parsed url   auth: null,
309 verbose parsed url   host: null,
309 verbose parsed url   port: null,
309 verbose parsed url   hostname: null,
309 verbose parsed url   hash: null,
309 verbose parsed url   search: null,
309 verbose parsed url   query: null,
309 verbose parsed url   pathname: '0.0.x',
309 verbose parsed url   path: '0.0.x',
309 verbose parsed url   href: '0.0.x' }
310 verbose addNamed [ 'humanize', '0.0.x' ]
311 verbose addNamed [ null, '>=0.0.0-0 <0.1.0-0' ]
312 silly lockFile 35af1c65-humanize-0-0-x humanize@0.0.x
313 verbose lock humanize@0.0.x /Users/follower/.npm/35af1c65-humanize-0-0-x.lock
314 verbose cache add name="node-csv" spec="https://github.com/voodootikigod/node-csv/tarball/master" args=["node-csv","https://github.com/voodootikigod/node-csv/tarball/master"]
315 verbose parsed url { protocol: 'https:',
315 verbose parsed url   slashes: true,
315 verbose parsed url   auth: null,
315 verbose parsed url   host: 'github.com',
315 verbose parsed url   port: null,
315 verbose parsed url   hostname: 'github.com',
315 verbose parsed url   hash: null,
315 verbose parsed url   search: null,
315 verbose parsed url   query: null,
315 verbose parsed url   pathname: '/voodootikigod/node-csv/tarball/master',
315 verbose parsed url   path: '/voodootikigod/node-csv/tarball/master',
315 verbose parsed url   href: 'https://github.com/voodootikigod/node-csv/tarball/master' }
316 silly lockFile 92ab0c93-otikigod-node-csv-tarball-master https://github.com/voodootikigod/node-csv/tarball/master
317 verbose lock https://github.com/voodootikigod/node-csv/tarball/master /Users/follower/.npm/92ab0c93-otikigod-node-csv-tarball-master.lock
318 verbose cache add [ 'microtime@~1.4.2', null ]
319 verbose cache add name=undefined spec="microtime@~1.4.2" args=["microtime@~1.4.2",null]
320 verbose parsed url { protocol: null,
320 verbose parsed url   slashes: null,
320 verbose parsed url   auth: null,
320 verbose parsed url   host: null,
320 verbose parsed url   port: null,
320 verbose parsed url   hostname: null,
320 verbose parsed url   hash: null,
320 verbose parsed url   search: null,
320 verbose parsed url   query: null,
320 verbose parsed url   pathname: 'microtime@~1.4.2',
320 verbose parsed url   path: 'microtime@~1.4.2',
320 verbose parsed url   href: 'microtime@~1.4.2' }
321 silly addNameRange { name: 'optimist', range: '>=0.6.0-0 <0.7.0-0', hasData: false }
322 verbose cache add name="microtime" spec="~1.4.2" args=["microtime","~1.4.2"]
323 verbose parsed url { protocol: null,
323 verbose parsed url   slashes: null,
323 verbose parsed url   auth: null,
323 verbose parsed url   host: null,
323 verbose parsed url   port: null,
323 verbose parsed url   hostname: null,
323 verbose parsed url   hash: null,
323 verbose parsed url   search: null,
323 verbose parsed url   query: null,
323 verbose parsed url   pathname: '~1.4.2',
323 verbose parsed url   path: '~1.4.2',
323 verbose parsed url   href: '~1.4.2' }
324 verbose addNamed [ 'microtime', '~1.4.2' ]
325 verbose addNamed [ null, '>=1.4.2-0 <1.5.0-0' ]
326 silly lockFile d8a0a2d6-microtime-1-4-2 microtime@~1.4.2
327 verbose lock microtime@~1.4.2 /Users/follower/.npm/d8a0a2d6-microtime-1-4-2.lock
328 silly addNameRange { name: 'cardinal', range: '>=0.4.0-0 <0.5.0-0', hasData: false }
329 silly addNameRange { name: 'async', range: '>=0.2.0-0 <0.3.0-0', hasData: false }
330 silly addNameRange { name: 'humanize', range: '>=0.0.0-0 <0.1.0-0', hasData: false }
331 verbose addRemoteTarball [ 'https://github.com/voodootikigod/node-csv/tarball/master',
331 verbose addRemoteTarball   null ]
332 verbose url raw humanize
333 verbose url resolving [ 'https://registry.npmjs.org/', './humanize' ]
334 verbose url resolved https://registry.npmjs.org/humanize
335 info trying registry request attempt 1 at 00:13:08
336 http GET https://registry.npmjs.org/humanize
337 silly addNameRange { name: 'microtime',
337 silly addNameRange   range: '>=1.4.2-0 <1.5.0-0',
337 silly addNameRange   hasData: false }
338 verbose url raw microtime
339 verbose url resolving [ 'https://registry.npmjs.org/', './microtime' ]
340 verbose url resolved https://registry.npmjs.org/microtime
341 info trying registry request attempt 1 at 00:13:08
342 http GET https://registry.npmjs.org/microtime
343 verbose url raw optimist
344 verbose url resolving [ 'https://registry.npmjs.org/', './optimist' ]
345 verbose url resolved https://registry.npmjs.org/optimist
346 info trying registry request attempt 1 at 00:13:08
347 verbose etag "8AASU6CZFM3NEQEH6RL9HZKPV"
348 http GET https://registry.npmjs.org/optimist
349 verbose url raw cardinal
350 verbose url resolving [ 'https://registry.npmjs.org/', './cardinal' ]
351 verbose url resolved https://registry.npmjs.org/cardinal
352 info trying registry request attempt 1 at 00:13:08
353 verbose etag "J4FQHS50CJFKVCBYQB06IUM7"
354 http GET https://registry.npmjs.org/cardinal
355 verbose url raw async
356 verbose url resolving [ 'https://registry.npmjs.org/', './async' ]
357 verbose url resolved https://registry.npmjs.org/async
358 info trying registry request attempt 1 at 00:13:08
359 verbose etag "9E10D86QY5YV7RBRXHMYG1AVH"
360 http GET https://registry.npmjs.org/async
361 info retry fetch attempt 1 at 00:13:08
362 verbose fetch to= /var/folders/nm/zmv519pj5cl53t0_cp6kfzgr0000gn/T/npm-8723-qSZIEmpL/github.com/voodootikigod/node-csv/tarball/master
363 http GET https://github.com/voodootikigod/node-csv/tarball/master
364 http 200 https://registry.npmjs.org/cardinal
365 silly registry.get cb [ 200,
365 silly registry.get   { server: 'CouchDB/1.5.0 (Erlang OTP/R16B03)',
365 silly registry.get     etag: '"1FCYKFY7L37DHUH88OLBJ5BN4"',
365 silly registry.get     'content-type': 'application/json',
365 silly registry.get     'cache-control': 'max-age=60',
365 silly registry.get     'content-length': '20876',
365 silly registry.get     'accept-ranges': 'bytes',
365 silly registry.get     date: 'Fri, 04 Sep 2015 21:13:08 GMT',
365 silly registry.get     via: '1.1 varnish',
365 silly registry.get     age: '25',
365 silly registry.get     connection: 'keep-alive',
365 silly registry.get     'x-served-by': 'cache-fra1224-FRA',
365 silly registry.get     'x-cache': 'HIT',
365 silly registry.get     'x-cache-hits': '2',
365 silly registry.get     'x-timer': 'S1441401188.447323,VS0,VE0',
365 silly registry.get     vary: 'Accept' } ]
366 silly addNameRange number 2 { name: 'cardinal', range: '>=0.4.0-0 <0.5.0-0', hasData: true }
367 silly addNameRange versions [ 'cardinal',
367 silly addNameRange   [ '0.1.0',
367 silly addNameRange     '0.1.1',
367 silly addNameRange     '0.1.2',
367 silly addNameRange     '0.1.3',
367 silly addNameRange     '0.2.0',
367 silly addNameRange     '0.3.0',
367 silly addNameRange     '0.3.1',
367 silly addNameRange     '0.3.2',
367 silly addNameRange     '0.4.0',
367 silly addNameRange     '0.4.1',
367 silly addNameRange     '0.4.2',
367 silly addNameRange     '0.4.3',
367 silly addNameRange     '0.4.4',
367 silly addNameRange     '0.5.0' ] ]
368 verbose addNamed [ 'cardinal', '0.4.4' ]
369 verbose addNamed [ '0.4.4', '0.4.4' ]
370 silly lockFile 6295c634-cardinal-0-4-4 cardinal@0.4.4
371 verbose lock cardinal@0.4.4 /Users/follower/.npm/6295c634-cardinal-0-4-4.lock
372 silly lockFile 6295c634-cardinal-0-4-4 cardinal@0.4.4
373 silly lockFile 6295c634-cardinal-0-4-4 cardinal@0.4.4
374 silly lockFile cabe0a3a-cardinal-0-4-x cardinal@0.4.x
375 silly lockFile cabe0a3a-cardinal-0-4-x cardinal@0.4.x
376 verbose about to build /Users/follower/WebServer/accounting/vendor/follower/admin/public/node_modules/selectize/node_modules/sifter
377 info /Users/follower/WebServer/accounting/vendor/follower/admin/public/node_modules/selectize/node_modules/sifter unbuild
378 info preuninstall sifter@0.4.3
379 info uninstall sifter@0.4.3
380 verbose false,/Users/follower/WebServer/accounting/vendor/follower/admin/public/node_modules,/Users/follower/WebServer/accounting/vendor/follower/admin/public/node_modules/selectize/node_modules unbuild sifter@0.4.3
381 verbose /Users/follower/WebServer/accounting/vendor/follower/admin/public/node_modules/selectize/node_modules/.bin,[object Object] binRoot
382 info postuninstall sifter@0.4.3
383 verbose about to build /Users/follower/WebServer/accounting/vendor/follower/admin/public/node_modules/selectize
384 info /Users/follower/WebServer/accounting/vendor/follower/admin/public/node_modules/selectize unbuild
385 info preuninstall selectize@0.12.1
386 info uninstall selectize@0.12.1
387 verbose true,/Users/follower/WebServer/accounting/vendor/follower/admin/public/node_modules,/Users/follower/WebServer/accounting/vendor/follower/admin/public/node_modules unbuild selectize@0.12.1
388 info postuninstall selectize@0.12.1
389 http 200 https://registry.npmjs.org/optimist
390 silly registry.get cb [ 200,
390 silly registry.get   { server: 'CouchDB/1.5.0 (Erlang OTP/R16B03)',
390 silly registry.get     etag: '"1ICX81I8Z3FA3TLWT823ARGXB"',
390 silly registry.get     'content-type': 'application/json',
390 silly registry.get     'cache-control': 'max-age=60',
390 silly registry.get     'content-length': '46418',
390 silly registry.get     'accept-ranges': 'bytes',
390 silly registry.get     date: 'Fri, 04 Sep 2015 21:13:08 GMT',
390 silly registry.get     via: '1.1 varnish',
390 silly registry.get     age: '4',
390 silly registry.get     connection: 'keep-alive',
390 silly registry.get     'x-served-by': 'cache-fra1236-FRA',
390 silly registry.get     'x-cache': 'HIT',
390 silly registry.get     'x-cache-hits': '1',
390 silly registry.get     'x-timer': 'S1441401188.435185,VS0,VE1',
390 silly registry.get     vary: 'Accept' } ]
391 silly addNameRange number 2 { name: 'optimist', range: '>=0.6.0-0 <0.7.0-0', hasData: true }
392 silly addNameRange versions [ 'optimist',
392 silly addNameRange   [ '0.0.1',
392 silly addNameRange     '0.0.2',
392 silly addNameRange     '0.0.4',
392 silly addNameRange     '0.0.5',
392 silly addNameRange     '0.0.6',
392 silly addNameRange     '0.0.7',
392 silly addNameRange     '0.1.0',
392 silly addNameRange     '0.1.1',
392 silly addNameRange     '0.1.2',
392 silly addNameRange     '0.1.3',
392 silly addNameRange     '0.1.4',
392 silly addNameRange     '0.1.5',
392 silly addNameRange     '0.1.6',
392 silly addNameRange     '0.1.7',
392 silly addNameRange     '0.1.8',
392 silly addNameRange     '0.1.9',
392 silly addNameRange     '0.0.3',
392 silly addNameRange     '0.2.0',
392 silly addNameRange     '0.2.1',
392 silly addNameRange     '0.2.2',
392 silly addNameRange     '0.2.3',
392 silly addNameRange     '0.2.4',
392 silly addNameRange     '0.2.5',
392 silly addNameRange     '0.2.6',
392 silly addNameRange     '0.2.7',
392 silly addNameRange     '0.2.8',
392 silly addNameRange     '0.3.0',
392 silly addNameRange     '0.3.1',
392 silly addNameRange     '0.3.3',
392 silly addNameRange     '0.3.4',
392 silly addNameRange     '0.3.5',
392 silly addNameRange     '0.3.6',
392 silly addNameRange     '0.3.7',
392 silly addNameRange     '0.4.0',
392 silly addNameRange     '0.5.0',
392 silly addNameRange     '0.5.1',
392 silly addNameRange     '0.5.2',
392 silly addNameRange     '0.6.0',
392 silly addNameRange     '0.6.1' ] ]
393 verbose addNamed [ 'optimist', '0.6.1' ]
394 verbose addNamed [ '0.6.1', '0.6.1' ]
395 silly lockFile 0fc74eb8-optimist-0-6-1 optimist@0.6.1
396 verbose lock optimist@0.6.1 /Users/follower/.npm/0fc74eb8-optimist-0-6-1.lock
397 error Error: EACCES, open '/Users/follower/.npm/cardinal/0.4.4/package/package.json'
397 error  { [Error: EACCES, open '/Users/follower/.npm/cardinal/0.4.4/package/package.json']
397 error   errno: 3,
397 error   code: 'EACCES',
397 error   path: '/Users/follower/.npm/cardinal/0.4.4/package/package.json',
397 error   parent: 'sifter' }
398 error Please try running this command again as root/Administrator.
399 error System Darwin 15.0.0
400 error command "node" "/usr/local/bin/npm" "install" "selectize" "--save"
401 error cwd /Users/follower/WebServer/accounting/vendor/follower/admin/public
402 error node -v v0.10.29
403 error npm -v 1.4.14
404 error path /Users/follower/.npm/cardinal/0.4.4/package/package.json
405 error code EACCES
406 error errno 3
407 error stack Error: EACCES, open '/Users/follower/.npm/cardinal/0.4.4/package/package.json'
408 verbose exit [ 3, true ]
